[0.226s] DEBUG:colcon:Command line arguments: ['/usr/bin/colcon', 'build']
[0.226s] DEBUG:colcon:Parsed command line arguments: Namespace(log_base=None, log_level=None, verb_name='build', build_base='build', install_base='install', merge_install=False, symlink_install=False, test_result_base=None, continue_on_error=False, executor='parallel', parallel_workers=8, event_handlers=None, ignore_user_meta=False, metas=['./colcon.meta'], base_paths=['.'], packages_ignore=None, packages_ignore_regex=None, paths=None, packages_up_to=None, packages_up_to_regex=None, packages_above=None, packages_above_and_dependencies=None, packages_above_depth=None, packages_select_by_dep=None, packages_skip_by_dep=None, packages_skip_up_to=None, packages_select_build_failed=False, packages_skip_build_finished=False, packages_select_test_failures=False, packages_skip_test_passed=False, packages_select=None, packages_skip=None, packages_select_regex=None, packages_skip_regex=None, packages_start=None, packages_end=None, allow_overriding=[], cmake_args=None, cmake_target=None, cmake_target_skip_unavailable=False, cmake_clean_cache=False, cmake_clean_first=False, cmake_force_configure=False, ament_cmake_args=None, catkin_cmake_args=None, catkin_skip_building_tests=False, verb_parser=<colcon_defaults.argument_parser.defaults.DefaultArgumentsDecorator object at 0x729b69ff1690>, verb_extension=<colcon_core.verb.build.BuildVerb object at 0x729b69ff05e0>, main=<bound method BuildVerb.main of <colcon_core.verb.build.BuildVerb object at 0x729b69ff05e0>>)
[0.592s] Level 1:colcon.colcon_core.package_discovery:discover_packages(colcon_meta) check parameters
[0.592s] Level 1:colcon.colcon_core.package_discovery:discover_packages(recursive) check parameters
[0.592s] Level 1:colcon.colcon_core.package_discovery:discover_packages(ignore) check parameters
[0.592s] Level 1:colcon.colcon_core.package_discovery:discover_packages(path) check parameters
[0.592s] Level 1:colcon.colcon_core.package_discovery:discover_packages(colcon_meta) discover
[0.592s] Level 1:colcon.colcon_core.package_discovery:discover_packages(recursive) discover
[0.592s] INFO:colcon.colcon_core.package_discovery:Crawling recursively for packages in '/home/mohamed/Desktop/Cognitive Project/emotion_robot/ros2_ws'
[0.592s] Level 1:colcon.colcon_core.package_identification:_identify(.) by extensions ['ignore', 'ignore_ament_install']
[0.592s] Level 1:colcon.colcon_core.package_identification:_identify(.) by extension 'ignore'
[0.592s] Level 1:colcon.colcon_core.package_identification:_identify(.) by extension 'ignore_ament_install'
[0.592s] Level 1:colcon.colcon_core.package_identification:_identify(.) by extensions ['colcon_pkg']
[0.592s] Level 1:colcon.colcon_core.package_identification:_identify(.) by extension 'colcon_pkg'
[0.592s] Level 1:colcon.colcon_core.package_identification:_identify(.) by extensions ['colcon_meta']
[0.592s] Level 1:colcon.colcon_core.package_identification:_identify(.) by extension 'colcon_meta'
[0.592s] Level 1:colcon.colcon_core.package_identification:_identify(.) by extensions ['ros']
[0.592s] Level 1:colcon.colcon_core.package_identification:_identify(.) by extension 'ros'
[0.603s] Level 1:colcon.colcon_core.package_identification:_identify(.) by extensions ['cmake', 'python']
[0.603s] Level 1:colcon.colcon_core.package_identification:_identify(.) by extension 'cmake'
[0.603s] Level 1:colcon.colcon_core.package_identification:_identify(.) by extension 'python'
[0.603s] Level 1:colcon.colcon_core.package_identification:_identify(.) by extensions ['python_setup_py']
[0.603s] Level 1:colcon.colcon_core.package_identification:_identify(.) by extension 'python_setup_py'
[0.603s] Level 1:colcon.colcon_core.package_identification:_identify(build) by extensions ['ignore', 'ignore_ament_install']
[0.603s] Level 1:colcon.colcon_core.package_identification:_identify(build) by extension 'ignore'
[0.603s] Level 1:colcon.colcon_core.package_identification:_identify(build) ignored
[0.604s] Level 1:colcon.colcon_core.package_identification:_identify(install) by extensions ['ignore', 'ignore_ament_install']
[0.604s] Level 1:colcon.colcon_core.package_identification:_identify(install) by extension 'ignore'
[0.604s] Level 1:colcon.colcon_core.package_identification:_identify(install) ignored
[0.604s] Level 1:colcon.colcon_core.package_identification:_identify(log) by extensions ['ignore', 'ignore_ament_install']
[0.604s] Level 1:colcon.colcon_core.package_identification:_identify(log) by extension 'ignore'
[0.604s] Level 1:colcon.colcon_core.package_identification:_identify(log) ignored
[0.604s] Level 1:colcon.colcon_core.package_identification:_identify(src) by extensions ['ignore', 'ignore_ament_install']
[0.604s] Level 1:colcon.colcon_core.package_identification:_identify(src) by extension 'ignore'
[0.604s] Level 1:colcon.colcon_core.package_identification:_identify(src) by extension 'ignore_ament_install'
[0.604s] Level 1:colcon.colcon_core.package_identification:_identify(src) by extensions ['colcon_pkg']
[0.604s] Level 1:colcon.colcon_core.package_identification:_identify(src) by extension 'colcon_pkg'
[0.604s] Level 1:colcon.colcon_core.package_identification:_identify(src) by extensions ['colcon_meta']
[0.604s] Level 1:colcon.colcon_core.package_identification:_identify(src) by extension 'colcon_meta'
[0.604s] Level 1:colcon.colcon_core.package_identification:_identify(src) by extensions ['ros']
[0.604s] Level 1:colcon.colcon_core.package_identification:_identify(src) by extension 'ros'
[0.604s] Level 1:colcon.colcon_core.package_identification:_identify(src) by extensions ['cmake', 'python']
[0.604s] Level 1:colcon.colcon_core.package_identification:_identify(src) by extension 'cmake'
[0.604s] Level 1:colcon.colcon_core.package_identification:_identify(src) by extension 'python'
[0.604s] Level 1:colcon.colcon_core.package_identification:_identify(src) by extensions ['python_setup_py']
[0.604s] Level 1:colcon.colcon_core.package_identification:_identify(src) by extension 'python_setup_py'
[0.604s] Level 1:colcon.colcon_core.package_identification:_identify(src/emotion_robot_bringup) by extensions ['ignore', 'ignore_ament_install']
[0.604s] Level 1:colcon.colcon_core.package_identification:_identify(src/emotion_robot_bringup) by extension 'ignore'
[0.604s] Level 1:colcon.colcon_core.package_identification:_identify(src/emotion_robot_bringup) by extension 'ignore_ament_install'
[0.604s] Level 1:colcon.colcon_core.package_identification:_identify(src/emotion_robot_bringup) by extensions ['colcon_pkg']
[0.604s] Level 1:colcon.colcon_core.package_identification:_identify(src/emotion_robot_bringup) by extension 'colcon_pkg'
[0.604s] Level 1:colcon.colcon_core.package_identification:_identify(src/emotion_robot_bringup) by extensions ['colcon_meta']
[0.604s] Level 1:colcon.colcon_core.package_identification:_identify(src/emotion_robot_bringup) by extension 'colcon_meta'
[0.604s] Level 1:colcon.colcon_core.package_identification:_identify(src/emotion_robot_bringup) by extensions ['ros']
[0.604s] Level 1:colcon.colcon_core.package_identification:_identify(src/emotion_robot_bringup) by extension 'ros'
[0.608s] DEBUG:colcon.colcon_core.package_identification:Package 'src/emotion_robot_bringup' with type 'ros.ament_python' and name 'emotion_robot_bringup'
[0.608s] Level 1:colcon.colcon_core.package_discovery:discover_packages(recursive) using defaults
[0.608s] Level 1:colcon.colcon_core.package_discovery:discover_packages(ignore) discover
[0.608s] Level 1:colcon.colcon_core.package_discovery:discover_packages(ignore) using defaults
[0.608s] Level 1:colcon.colcon_core.package_discovery:discover_packages(path) discover
[0.608s] Level 1:colcon.colcon_core.package_discovery:discover_packages(path) using defaults
[0.651s] Level 1:colcon.colcon_core.package_discovery:discover_packages(prefix_path) check parameters
[0.651s] Level 1:colcon.colcon_core.package_discovery:discover_packages(prefix_path) discover
[0.658s] DEBUG:colcon.colcon_installed_package_information.package_discovery:Found 5 installed packages in /home/mohamed/ros2_ws/install
[0.659s] DEBUG:colcon.colcon_installed_package_information.package_discovery:Found 321 installed packages in /opt/ros/humble
[0.660s] Level 1:colcon.colcon_core.package_discovery:discover_packages(prefix_path) using defaults
[0.704s] Level 5:colcon.colcon_core.verb:set package 'emotion_robot_bringup' build argument 'cmake_args' from command line to 'None'
[0.704s] Level 5:colcon.colcon_core.verb:set package 'emotion_robot_bringup' build argument 'cmake_target' from command line to 'None'
[0.704s] Level 5:colcon.colcon_core.verb:set package 'emotion_robot_bringup' build argument 'cmake_target_skip_unavailable' from command line to 'False'
[0.704s] Level 5:colcon.colcon_core.verb:set package 'emotion_robot_bringup' build argument 'cmake_clean_cache' from command line to 'False'
[0.704s] Level 5:colcon.colcon_core.verb:set package 'emotion_robot_bringup' build argument 'cmake_clean_first' from command line to 'False'
[0.704s] Level 5:colcon.colcon_core.verb:set package 'emotion_robot_bringup' build argument 'cmake_force_configure' from command line to 'False'
[0.704s] Level 5:colcon.colcon_core.verb:set package 'emotion_robot_bringup' build argument 'ament_cmake_args' from command line to 'None'
[0.704s] Level 5:colcon.colcon_core.verb:set package 'emotion_robot_bringup' build argument 'catkin_cmake_args' from command line to 'None'
[0.704s] Level 5:colcon.colcon_core.verb:set package 'emotion_robot_bringup' build argument 'catkin_skip_building_tests' from command line to 'False'
[0.704s] DEBUG:colcon.colcon_core.verb:Building package 'emotion_robot_bringup' with the following arguments: {'ament_cmake_args': None, 'build_base': '/home/mohamed/Desktop/Cognitive Project/emotion_robot/ros2_ws/build/emotion_robot_bringup', 'catkin_cmake_args': None, 'catkin_skip_building_tests': False, 'cmake_args': None, 'cmake_clean_cache': False, 'cmake_clean_first': False, 'cmake_force_configure': False, 'cmake_target': None, 'cmake_target_skip_unavailable': False, 'install_base': '/home/mohamed/Desktop/Cognitive Project/emotion_robot/ros2_ws/install/emotion_robot_bringup', 'merge_install': False, 'path': '/home/mohamed/Desktop/Cognitive Project/emotion_robot/ros2_ws/src/emotion_robot_bringup', 'symlink_install': False, 'test_result_base': None}
[0.704s] INFO:colcon.colcon_core.executor:Executing jobs using 'parallel' executor
[0.706s] DEBUG:colcon.colcon_parallel_executor.executor.parallel:run_until_complete
[0.707s] INFO:colcon.colcon_ros.task.ament_python.build:Building ROS package in '/home/mohamed/Desktop/Cognitive Project/emotion_robot/ros2_ws/src/emotion_robot_bringup' with build type 'ament_python'
[0.707s] Level 1:colcon.colcon_core.shell:create_environment_hook('emotion_robot_bringup', 'ament_prefix_path')
[0.717s] INFO:colcon.colcon_core.plugin_system:Skipping extension 'colcon_core.shell.bat': Not used on non-Windows systems
[0.718s] INFO:colcon.colcon_core.shell:Creating environment hook '/home/mohamed/Desktop/Cognitive Project/emotion_robot/ros2_ws/install/emotion_robot_bringup/share/emotion_robot_bringup/hook/ament_prefix_path.ps1'
[0.719s] INFO:colcon.colcon_core.shell:Creating environment descriptor '/home/mohamed/Desktop/Cognitive Project/emotion_robot/ros2_ws/install/emotion_robot_bringup/share/emotion_robot_bringup/hook/ament_prefix_path.dsv'
[0.720s] INFO:colcon.colcon_core.shell:Creating environment hook '/home/mohamed/Desktop/Cognitive Project/emotion_robot/ros2_ws/install/emotion_robot_bringup/share/emotion_robot_bringup/hook/ament_prefix_path.sh'
[0.721s] INFO:colcon.colcon_core.shell:Skip shell extension 'powershell' for command environment: Not usable outside of PowerShell
[0.721s] DEBUG:colcon.colcon_core.shell:Skip shell extension 'dsv' for command environment
[0.908s] INFO:colcon.colcon_core.task.python.build:Building Python package in '/home/mohamed/Desktop/Cognitive Project/emotion_robot/ros2_ws/src/emotion_robot_bringup'
[0.909s] INFO:colcon.colcon_core.shell:Skip shell extension 'powershell' for command environment: Not usable outside of PowerShell
[0.909s] DEBUG:colcon.colcon_core.shell:Skip shell extension 'dsv' for command environment
[1.497s] DEBUG:colcon.colcon_core.event_handler.log_command:Invoking command in '/home/mohamed/Desktop/Cognitive Project/emotion_robot/ros2_ws/src/emotion_robot_bringup': PYTHONPATH=/home/mohamed/Desktop/Cognitive Project/emotion_robot/ros2_ws/build/emotion_robot_bringup/prefix_override:/usr/lib/python3/dist-packages/colcon_core/task/python/colcon_distutils_commands:/home/mohamed/Desktop/Cognitive Project/emotion_robot/ros2_ws/install/emotion_robot_bringup/lib/python3.10/site-packages:${PYTHONPATH} /usr/bin/python3 -W ignore:setup.py install is deprecated -W ignore:easy_install command is deprecated setup.py egg_info --egg-base ../../build/emotion_robot_bringup build --build-base /home/mohamed/Desktop/Cognitive Project/emotion_robot/ros2_ws/build/emotion_robot_bringup/build install --record /home/mohamed/Desktop/Cognitive Project/emotion_robot/ros2_ws/build/emotion_robot_bringup/install.log --single-version-externally-managed install_data
[1.715s] DEBUG:colcon.colcon_core.event_handler.log_command:Invoked command in '/home/mohamed/Desktop/Cognitive Project/emotion_robot/ros2_ws/src/emotion_robot_bringup' returned '0': PYTHONPATH=/home/mohamed/Desktop/Cognitive Project/emotion_robot/ros2_ws/build/emotion_robot_bringup/prefix_override:/usr/lib/python3/dist-packages/colcon_core/task/python/colcon_distutils_commands:/home/mohamed/Desktop/Cognitive Project/emotion_robot/ros2_ws/install/emotion_robot_bringup/lib/python3.10/site-packages:${PYTHONPATH} /usr/bin/python3 -W ignore:setup.py install is deprecated -W ignore:easy_install command is deprecated setup.py egg_info --egg-base ../../build/emotion_robot_bringup build --build-base /home/mohamed/Desktop/Cognitive Project/emotion_robot/ros2_ws/build/emotion_robot_bringup/build install --record /home/mohamed/Desktop/Cognitive Project/emotion_robot/ros2_ws/build/emotion_robot_bringup/install.log --single-version-externally-managed install_data
[1.733s] Level 1:colcon.colcon_core.environment:checking '/home/mohamed/Desktop/Cognitive Project/emotion_robot/ros2_ws/install/emotion_robot_bringup' for CMake module files
[1.733s] Level 1:colcon.colcon_core.environment:checking '/home/mohamed/Desktop/Cognitive Project/emotion_robot/ros2_ws/install/emotion_robot_bringup' for CMake config files
[1.734s] Level 1:colcon.colcon_core.environment:checking '/home/mohamed/Desktop/Cognitive Project/emotion_robot/ros2_ws/install/emotion_robot_bringup/lib'
[1.734s] Level 1:colcon.colcon_core.environment:checking '/home/mohamed/Desktop/Cognitive Project/emotion_robot/ros2_ws/install/emotion_robot_bringup/bin'
[1.734s] Level 1:colcon.colcon_core.environment:checking '/home/mohamed/Desktop/Cognitive Project/emotion_robot/ros2_ws/install/emotion_robot_bringup/lib/pkgconfig/emotion_robot_bringup.pc'
[1.734s] Level 1:colcon.colcon_core.environment:checking '/home/mohamed/Desktop/Cognitive Project/emotion_robot/ros2_ws/install/emotion_robot_bringup/lib/python3.10/site-packages'
[1.734s] Level 1:colcon.colcon_core.shell:create_environment_hook('emotion_robot_bringup', 'pythonpath')
[1.735s] INFO:colcon.colcon_core.shell:Creating environment hook '/home/mohamed/Desktop/Cognitive Project/emotion_robot/ros2_ws/install/emotion_robot_bringup/share/emotion_robot_bringup/hook/pythonpath.ps1'
[1.735s] INFO:colcon.colcon_core.shell:Creating environment descriptor '/home/mohamed/Desktop/Cognitive Project/emotion_robot/ros2_ws/install/emotion_robot_bringup/share/emotion_robot_bringup/hook/pythonpath.dsv'
[1.735s] INFO:colcon.colcon_core.shell:Creating environment hook '/home/mohamed/Desktop/Cognitive Project/emotion_robot/ros2_ws/install/emotion_robot_bringup/share/emotion_robot_bringup/hook/pythonpath.sh'
[1.736s] Level 1:colcon.colcon_core.environment:checking '/home/mohamed/Desktop/Cognitive Project/emotion_robot/ros2_ws/install/emotion_robot_bringup/bin'
[1.736s] Level 1:colcon.colcon_core.environment:create_environment_scripts_only(emotion_robot_bringup)
[1.736s] INFO:colcon.colcon_core.shell:Creating package script '/home/mohamed/Desktop/Cognitive Project/emotion_robot/ros2_ws/install/emotion_robot_bringup/share/emotion_robot_bringup/package.ps1'
[1.737s] INFO:colcon.colcon_core.shell:Creating package descriptor '/home/mohamed/Desktop/Cognitive Project/emotion_robot/ros2_ws/install/emotion_robot_bringup/share/emotion_robot_bringup/package.dsv'
[1.738s] INFO:colcon.colcon_core.shell:Creating package script '/home/mohamed/Desktop/Cognitive Project/emotion_robot/ros2_ws/install/emotion_robot_bringup/share/emotion_robot_bringup/package.sh'
[1.739s] INFO:colcon.colcon_core.shell:Creating package script '/home/mohamed/Desktop/Cognitive Project/emotion_robot/ros2_ws/install/emotion_robot_bringup/share/emotion_robot_bringup/package.bash'
[1.740s] INFO:colcon.colcon_core.shell:Creating package script '/home/mohamed/Desktop/Cognitive Project/emotion_robot/ros2_ws/install/emotion_robot_bringup/share/emotion_robot_bringup/package.zsh'
[1.741s] Level 1:colcon.colcon_core.environment:create_file_with_runtime_dependencies(/home/mohamed/Desktop/Cognitive Project/emotion_robot/ros2_ws/install/emotion_robot_bringup/share/colcon-core/packages/emotion_robot_bringup)
[1.742s] DEBUG:colcon.colcon_parallel_executor.executor.parallel:closing loop
[1.742s] DEBUG:colcon.colcon_parallel_executor.executor.parallel:loop closed
[1.742s] DEBUG:colcon.colcon_parallel_executor.executor.parallel:run_until_complete finished with '0'
[1.742s] DEBUG:colcon.colcon_core.event_reactor:joining thread
[1.758s] INFO:colcon.colcon_core.plugin_system:Skipping extension 'colcon_notification.desktop_notification.terminal_notifier': Not used on non-Darwin systems
[1.758s] INFO:colcon.colcon_core.plugin_system:Skipping extension 'colcon_notification.desktop_notification.win32': Not used on non-Windows systems
[1.758s] INFO:colcon.colcon_notification.desktop_notification:Sending desktop notification using 'notify2'
[1.796s] DEBUG:colcon.colcon_core.event_reactor:joined thread
[1.796s] INFO:colcon.colcon_core.shell:Creating prefix script '/home/mohamed/Desktop/Cognitive Project/emotion_robot/ros2_ws/install/local_setup.ps1'
[1.797s] INFO:colcon.colcon_core.shell:Creating prefix util module '/home/mohamed/Desktop/Cognitive Project/emotion_robot/ros2_ws/install/_local_setup_util_ps1.py'
[1.798s] INFO:colcon.colcon_core.shell:Creating prefix chain script '/home/mohamed/Desktop/Cognitive Project/emotion_robot/ros2_ws/install/setup.ps1'
[1.800s] INFO:colcon.colcon_core.shell:Creating prefix script '/home/mohamed/Desktop/Cognitive Project/emotion_robot/ros2_ws/install/local_setup.sh'
[1.801s] INFO:colcon.colcon_core.shell:Creating prefix util module '/home/mohamed/Desktop/Cognitive Project/emotion_robot/ros2_ws/install/_local_setup_util_sh.py'
[1.802s] INFO:colcon.colcon_core.shell:Creating prefix chain script '/home/mohamed/Desktop/Cognitive Project/emotion_robot/ros2_ws/install/setup.sh'
[1.803s] INFO:colcon.colcon_core.shell:Creating prefix script '/home/mohamed/Desktop/Cognitive Project/emotion_robot/ros2_ws/install/local_setup.bash'
[1.804s] INFO:colcon.colcon_core.shell:Creating prefix chain script '/home/mohamed/Desktop/Cognitive Project/emotion_robot/ros2_ws/install/setup.bash'
[1.806s] INFO:colcon.colcon_core.shell:Creating prefix script '/home/mohamed/Desktop/Cognitive Project/emotion_robot/ros2_ws/install/local_setup.zsh'
[1.807s] INFO:colcon.colcon_core.shell:Creating prefix chain script '/home/mohamed/Desktop/Cognitive Project/emotion_robot/ros2_ws/install/setup.zsh'
