/home/mohamed/Desktop/Cognitive Project/emotion_robot/ros2_ws/install/emotion_robot_bringup/lib/python3.10/site-packages/emotion_robot_bringup/robot_gateway_node.py
/home/mohamed/Desktop/Cognitive Project/emotion_robot/ros2_ws/install/emotion_robot_bringup/lib/python3.10/site-packages/emotion_robot_bringup/laptop_gateway_node.py
/home/mohamed/Desktop/Cognitive Project/emotion_robot/ros2_ws/install/emotion_robot_bringup/lib/python3.10/site-packages/emotion_robot_bringup/robot_pipeline_node.py
/home/mohamed/Desktop/Cognitive Project/emotion_robot/ros2_ws/install/emotion_robot_bringup/lib/python3.10/site-packages/emotion_robot_bringup/common.py
/home/mohamed/Desktop/Cognitive Project/emotion_robot/ros2_ws/install/emotion_robot_bringup/lib/python3.10/site-packages/emotion_robot_bringup/laptop_inference_node.py
/home/mohamed/Desktop/Cognitive Project/emotion_robot/ros2_ws/install/emotion_robot_bringup/lib/python3.10/site-packages/emotion_robot_bringup/__init__.py
/home/mohamed/Desktop/Cognitive Project/emotion_robot/ros2_ws/install/emotion_robot_bringup/lib/python3.10/site-packages/emotion_robot_bringup/__pycache__/robot_gateway_node.cpython-310.pyc
/home/mohamed/Desktop/Cognitive Project/emotion_robot/ros2_ws/install/emotion_robot_bringup/lib/python3.10/site-packages/emotion_robot_bringup/__pycache__/laptop_gateway_node.cpython-310.pyc
/home/mohamed/Desktop/Cognitive Project/emotion_robot/ros2_ws/install/emotion_robot_bringup/lib/python3.10/site-packages/emotion_robot_bringup/__pycache__/robot_pipeline_node.cpython-310.pyc
/home/mohamed/Desktop/Cognitive Project/emotion_robot/ros2_ws/install/emotion_robot_bringup/lib/python3.10/site-packages/emotion_robot_bringup/__pycache__/common.cpython-310.pyc
/home/mohamed/Desktop/Cognitive Project/emotion_robot/ros2_ws/install/emotion_robot_bringup/lib/python3.10/site-packages/emotion_robot_bringup/__pycache__/laptop_inference_node.cpython-310.pyc
/home/mohamed/Desktop/Cognitive Project/emotion_robot/ros2_ws/install/emotion_robot_bringup/lib/python3.10/site-packages/emotion_robot_bringup/__pycache__/__init__.cpython-310.pyc
/home/mohamed/Desktop/Cognitive Project/emotion_robot/ros2_ws/install/emotion_robot_bringup/share/ament_index/resource_index/packages/emotion_robot_bringup
/home/mohamed/Desktop/Cognitive Project/emotion_robot/ros2_ws/install/emotion_robot_bringup/share/emotion_robot_bringup/package.xml
/home/mohamed/Desktop/Cognitive Project/emotion_robot/ros2_ws/install/emotion_robot_bringup/share/emotion_robot_bringup/launch/robot_only.launch.py
/home/mohamed/Desktop/Cognitive Project/emotion_robot/ros2_ws/install/emotion_robot_bringup/share/emotion_robot_bringup/launch/robot_endpoint.launch.py
/home/mohamed/Desktop/Cognitive Project/emotion_robot/ros2_ws/install/emotion_robot_bringup/share/emotion_robot_bringup/launch/laptop_inference.launch.py
/home/mohamed/Desktop/Cognitive Project/emotion_robot/ros2_ws/install/emotion_robot_bringup/lib/python3.10/site-packages/emotion_robot_bringup-0.1.0-py3.10.egg-info/dependency_links.txt
/home/mohamed/Desktop/Cognitive Project/emotion_robot/ros2_ws/install/emotion_robot_bringup/lib/python3.10/site-packages/emotion_robot_bringup-0.1.0-py3.10.egg-info/SOURCES.txt
/home/mohamed/Desktop/Cognitive Project/emotion_robot/ros2_ws/install/emotion_robot_bringup/lib/python3.10/site-packages/emotion_robot_bringup-0.1.0-py3.10.egg-info/zip-safe
/home/mohamed/Desktop/Cognitive Project/emotion_robot/ros2_ws/install/emotion_robot_bringup/lib/python3.10/site-packages/emotion_robot_bringup-0.1.0-py3.10.egg-info/top_level.txt
/home/mohamed/Desktop/Cognitive Project/emotion_robot/ros2_ws/install/emotion_robot_bringup/lib/python3.10/site-packages/emotion_robot_bringup-0.1.0-py3.10.egg-info/PKG-INFO
/home/mohamed/Desktop/Cognitive Project/emotion_robot/ros2_ws/install/emotion_robot_bringup/lib/python3.10/site-packages/emotion_robot_bringup-0.1.0-py3.10.egg-info/entry_points.txt
/home/mohamed/Desktop/Cognitive Project/emotion_robot/ros2_ws/install/emotion_robot_bringup/lib/python3.10/site-packages/emotion_robot_bringup-0.1.0-py3.10.egg-info/requires.txt
/home/mohamed/Desktop/Cognitive Project/emotion_robot/ros2_ws/install/emotion_robot_bringup/lib/emotion_robot_bringup/laptop_gateway_node
/home/mohamed/Desktop/Cognitive Project/emotion_robot/ros2_ws/install/emotion_robot_bringup/lib/emotion_robot_bringup/laptop_inference_node
/home/mohamed/Desktop/Cognitive Project/emotion_robot/ros2_ws/install/emotion_robot_bringup/lib/emotion_robot_bringup/robot_gateway_node
/home/mohamed/Desktop/Cognitive Project/emotion_robot/ros2_ws/install/emotion_robot_bringup/lib/emotion_robot_bringup/robot_pipeline_node
